[20:52:41] [Server thread/INFO]: Starting minecraft server version 1.8.8
[20:52:41] [Server thread/INFO]: Loading properties
[20:52:41] [Server thread/INFO]: Default game type: ADVENTURE
[20:52:41] [Server thread/INFO]: Generating keypair
[20:52:41] [Server thread/INFO]: Starting Minecraft server on *:25565
[20:52:41] [Server thread/INFO]: Using default channel type
[20:52:41] [Server thread/WARN]: **** SERVER IS RUNNING IN OFFLINE/INSECURE MODE!
[20:52:41] [Server thread/WARN]: The server will make no attempt to authenticate usernames. Beware.
[20:52:41] [Server thread/WARN]: While this makes the game possible to play without internet access, it also opens up the ability for hackers to connect with any username they choose.
[20:52:41] [Server thread/WARN]: To change this, set "online-mode" to "true" in the server.properties file.
[20:52:41] [Server thread/WARN]: Failed to load user banlist: 
java.io.FileNotFoundException: banned-players.json (El sistema no puede encontrar el archivo especificado)
	at java.base/java.io.FileInputStream.open0(Native Method) ~[?:?]
	at java.base/java.io.FileInputStream.open(FileInputStream.java:213) ~[?:?]
	at java.base/java.io.FileInputStream.<init>(FileInputStream.java:152) ~[?:?]
	at com.google.common.io.Files.newReader(Files.java:86) ~[server.jar:?]
	at mb.g(SourceFile:124) ~[server.jar:?]
	at kn.z(SourceFile:99) ~[server.jar:?]
	at kn.<init>(SourceFile:25) ~[server.jar:?]
	at ko.i(SourceFile:172) ~[server.jar:?]
	at net.minecraft.server.MinecraftServer.run(SourceFile:421) ~[server.jar:?]
	at java.base/java.lang.Thread.run(Thread.java:1570) [?:?]
[20:52:41] [Server thread/WARN]: Failed to load ip banlist: 
java.io.FileNotFoundException: banned-ips.json (El sistema no puede encontrar el archivo especificado)
	at java.base/java.io.FileInputStream.open0(Native Method) ~[?:?]
	at java.base/java.io.FileInputStream.open(FileInputStream.java:213) ~[?:?]
	at java.base/java.io.FileInputStream.<init>(FileInputStream.java:152) ~[?:?]
	at com.google.common.io.Files.newReader(Files.java:86) ~[server.jar:?]
	at mb.g(SourceFile:124) ~[server.jar:?]
	at kn.y(SourceFile:91) ~[server.jar:?]
	at kn.<init>(SourceFile:27) ~[server.jar:?]
	at ko.i(SourceFile:172) ~[server.jar:?]
	at net.minecraft.server.MinecraftServer.run(SourceFile:421) ~[server.jar:?]
	at java.base/java.lang.Thread.run(Thread.java:1570) [?:?]
[20:52:41] [Server thread/WARN]: Failed to load operators list: 
java.io.FileNotFoundException: ops.json (El sistema no puede encontrar el archivo especificado)
	at java.base/java.io.FileInputStream.open0(Native Method) ~[?:?]
	at java.base/java.io.FileInputStream.open(FileInputStream.java:213) ~[?:?]
	at java.base/java.io.FileInputStream.<init>(FileInputStream.java:152) ~[?:?]
	at com.google.common.io.Files.newReader(Files.java:86) ~[server.jar:?]
	at mb.g(SourceFile:124) ~[server.jar:?]
	at kn.A(SourceFile:107) ~[server.jar:?]
	at kn.<init>(SourceFile:29) ~[server.jar:?]
	at ko.i(SourceFile:172) ~[server.jar:?]
	at net.minecraft.server.MinecraftServer.run(SourceFile:421) ~[server.jar:?]
	at java.base/java.lang.Thread.run(Thread.java:1570) [?:?]
[20:52:41] [Server thread/WARN]: Failed to load white-list: 
java.io.FileNotFoundException: whitelist.json (El sistema no puede encontrar el archivo especificado)
	at java.base/java.io.FileInputStream.open0(Native Method) ~[?:?]
	at java.base/java.io.FileInputStream.open(FileInputStream.java:213) ~[?:?]
	at java.base/java.io.FileInputStream.<init>(FileInputStream.java:152) ~[?:?]
	at com.google.common.io.Files.newReader(Files.java:86) ~[server.jar:?]
	at mb.g(SourceFile:124) ~[server.jar:?]
	at kn.C(SourceFile:123) ~[server.jar:?]
	at kn.<init>(SourceFile:30) ~[server.jar:?]
	at ko.i(SourceFile:172) ~[server.jar:?]
	at net.minecraft.server.MinecraftServer.run(SourceFile:421) ~[server.jar:?]
	at java.base/java.lang.Thread.run(Thread.java:1570) [?:?]
[20:52:41] [Server thread/INFO]: Preparing level "Diversity 2 (v.0.3.2)"
[20:52:41] [Server thread/INFO]: Preparing start region for level 0
[20:52:42] [Server thread/INFO]: Done (0,463s)! For help, type "help" or "?"
[20:53:10] [Server thread/INFO]: C4M1LL3[/127.0.0.1:52325] logged in with entity id 0 at (-63.5, 11.0, -599.5)
[20:53:10] [Server thread/INFO]: C4M1LL3 joined the game
[20:53:14] [Server thread/INFO]: C4M1LL3 lost connection: TextComponent{text='Disconnected', siblings=[], style=Style{hasParent=false, color=null, bold=null, italic=null, underlined=null, obfuscated=null, clickEvent=null, hoverEvent=null, insertion=null}}
[20:53:14] [Server thread/INFO]: C4M1LL3 left the game
[20:53:17] [Server thread/INFO]: Stopping the server
[20:53:17] [Server thread/INFO]: Stopping server
[20:53:17] [Server thread/INFO]: Saving players
[20:53:17] [Server thread/INFO]: Saving worlds
[20:53:17] [Server thread/INFO]: Saving chunks for level 'Diversity 2 (v.0.3.2)'/Overworld
[20:53:17] [Server thread/INFO]: Saving chunks for level 'Diversity 2 (v.0.3.2)'/Nether
[20:53:17] [Server thread/INFO]: Saving chunks for level 'Diversity 2 (v.0.3.2)'/The End
[20:53:17] [Server Shutdown Thread/INFO]: Stopping server
